<?xml version="1.0" encoding="UTF-8"?>
<coverage generated="1569215851252" clover="3.2.0">
  <project timestamp="1569215851253" name="All files">
    <metrics statements="63" coveredstatements="63" conditionals="18" coveredconditionals="18" methods="16" coveredmethods="16" elements="97" coveredelements="97" complexity="0" loc="63" ncloc="63" packages="1" files="3" classes="3"/>
    <file name="file.js" path="C:\Users\usuario-libre\Desktop\ProyectoLinks\LIM010-fe-md-links\src\file.js">
      <metrics statements="30" coveredstatements="30" conditionals="8" coveredconditionals="8" methods="8" coveredmethods="8"/>
      <line num="3" count="1" type="stmt"/>
      <line num="4" count="1" type="stmt"/>
      <line num="5" count="1" type="stmt"/>
      <line num="7" count="11" type="stmt"/>
      <line num="9" count="1" type="stmt"/>
      <line num="10" count="9" type="cond" truecount="4" falsecount="0"/>
      <line num="11" count="6" type="stmt"/>
      <line num="13" count="3" type="stmt"/>
      <line num="19" count="1" type="stmt"/>
      <line num="20" count="9" type="stmt"/>
      <line num="21" count="9" type="stmt"/>
      <line num="22" count="9" type="cond" truecount="2" falsecount="0"/>
      <line num="23" count="7" type="cond" truecount="2" falsecount="0"/>
      <line num="24" count="5" type="stmt"/>
      <line num="27" count="2" type="stmt"/>
      <line num="28" count="2" type="stmt"/>
      <line num="29" count="6" type="stmt"/>
      <line num="30" count="6" type="stmt"/>
      <line num="33" count="9" type="stmt"/>
      <line num="37" count="4" type="stmt"/>
      <line num="40" count="1" type="stmt"/>
      <line num="41" count="2" type="stmt"/>
      <line num="42" count="2" type="stmt"/>
      <line num="43" count="2" type="stmt"/>
      <line num="44" count="3" type="stmt"/>
      <line num="45" count="3" type="stmt"/>
      <line num="46" count="3" type="stmt"/>
      <line num="47" count="6" type="stmt"/>
      <line num="53" count="3" type="stmt"/>
      <line num="55" count="2" type="stmt"/>
    </file>
    <file name="path.js" path="C:\Users\usuario-libre\Desktop\ProyectoLinks\LIM010-fe-md-links\src\path.js">
      <metrics statements="15" coveredstatements="15" conditionals="6" coveredconditionals="6" methods="3" coveredmethods="3"/>
      <line num="1" count="1" type="stmt"/>
      <line num="2" count="1" type="stmt"/>
      <line num="3" count="1" type="stmt"/>
      <line num="5" count="1" type="stmt"/>
      <line num="6" count="2" type="cond" truecount="2" falsecount="0"/>
      <line num="7" count="1" type="stmt"/>
      <line num="9" count="1" type="stmt"/>
      <line num="12" count="1" type="stmt"/>
      <line num="13" count="2" type="cond" truecount="2" falsecount="0"/>
      <line num="14" count="1" type="stmt"/>
      <line num="16" count="1" type="stmt"/>
      <line num="19" count="1" type="stmt"/>
      <line num="20" count="11" type="cond" truecount="2" falsecount="0"/>
      <line num="21" count="3" type="stmt"/>
      <line num="23" count="8" type="stmt"/>
    </file>
    <file name="validate.js" path="C:\Users\usuario-libre\Desktop\ProyectoLinks\LIM010-fe-md-links\src\validate.js">
      <metrics statements="18" coveredstatements="18" conditionals="4" coveredconditionals="4" methods="5" coveredmethods="5"/>
      <line num="3" count="1" type="stmt"/>
      <line num="6" count="1" type="stmt"/>
      <line num="7" count="1" type="stmt"/>
      <line num="8" count="3" type="stmt"/>
      <line num="9" count="3" type="stmt"/>
      <line num="10" count="2" type="stmt"/>
      <line num="11" count="2" type="cond" truecount="4" falsecount="0"/>
      <line num="12" count="1" type="stmt"/>
      <line num="13" count="1" type="stmt"/>
      <line num="14" count="1" type="stmt"/>
      <line num="16" count="1" type="stmt"/>
      <line num="17" count="1" type="stmt"/>
      <line num="18" count="1" type="stmt"/>
      <line num="21" count="1" type="stmt"/>
      <line num="22" count="1" type="stmt"/>
      <line num="23" count="1" type="stmt"/>
      <line num="24" count="1" type="stmt"/>
      <line num="27" count="1" type="stmt"/>
    </file>
  </project>
</coverage>
