{"C:\\Users\\usuario-libre\\Desktop\\ProyectoLinks\\LIM010-fe-md-links\\src\\file.js": {"path":"C:\\Users\\usuario-libre\\Desktop\\ProyectoLinks\\LIM010-fe-md-links\\src\\file.js","statementMap":{"0":{"start":{"line":3,"column":13},"end":{"line":3,"column":28}},"1":{"start":{"line":4,"column":11},"end":{"line":4,"column":24}},"2":{"start":{"line":5,"column":15},"end":{"line":5,"column":32}},"3":{"start":{"line":7,"column":26},"end":{"line":7,"column":64}},"4":{"start":{"line":7,"column":37},"end":{"line":7,"column":64}},"5":{"start":{"line":10,"column":26},"end":{"line":15,"column":1}},"6":{"start":{"line":11,"column":2},"end":{"line":13,"column":3}},"7":{"start":{"line":12,"column":4},"end":{"line":12,"column":16}},"8":{"start":{"line":14,"column":2},"end":{"line":14,"column":15}},"9":{"start":{"line":19,"column":33},"end":{"line":37,"column":1}},"10":{"start":{"line":20,"column":18},"end":{"line":20,"column":20}},"11":{"start":{"line":21,"column":19},"end":{"line":21,"column":40}},"12":{"start":{"line":22,"column":2},"end":{"line":35,"column":3}},"13":{"start":{"line":23,"column":4},"end":{"line":25,"column":5}},"14":{"start":{"line":24,"column":6},"end":{"line":24,"column":31}},"15":{"start":{"line":27,"column":27},"end":{"line":27,"column":51}},"16":{"start":{"line":29,"column":4},"end":{"line":34,"column":7}},"17":{"start":{"line":30,"column":27},"end":{"line":30,"column":55}},"18":{"start":{"line":32,"column":26},"end":{"line":32,"column":57}},"19":{"start":{"line":33,"column":6},"end":{"line":33,"column":48}},"20":{"start":{"line":36,"column":2},"end":{"line":36,"column":19}},"21":{"start":{"line":41,"column":24},"end":{"line":41,"column":65}},"22":{"start":{"line":41,"column":35},"end":{"line":41,"column":65}},"23":{"start":{"line":46,"column":30},"end":{"line":62,"column":1}},"24":{"start":{"line":47,"column":25},"end":{"line":47,"column":27}},"25":{"start":{"line":48,"column":20},"end":{"line":48,"column":44}},"26":{"start":{"line":49,"column":2},"end":{"line":60,"column":5}},"27":{"start":{"line":50,"column":24},"end":{"line":50,"column":42}},"28":{"start":{"line":51,"column":19},"end":{"line":51,"column":40}},"29":{"start":{"line":52,"column":4},"end":{"line":58,"column":6}},"30":{"start":{"line":53,"column":6},"end":{"line":57,"column":9}},"31":{"start":{"line":59,"column":4},"end":{"line":59,"column":46}},"32":{"start":{"line":61,"column":2},"end":{"line":61,"column":24}}},"fnMap":{"0":{"name":"(anonymous_0)","decl":{"start":{"line":7,"column":26},"end":{"line":7,"column":27}},"loc":{"start":{"line":7,"column":37},"end":{"line":7,"column":64}},"line":7},"1":{"name":"(anonymous_1)","decl":{"start":{"line":10,"column":26},"end":{"line":10,"column":27}},"loc":{"start":{"line":10,"column":37},"end":{"line":15,"column":1}},"line":10},"2":{"name":"(anonymous_2)","decl":{"start":{"line":19,"column":33},"end":{"line":19,"column":34}},"loc":{"start":{"line":19,"column":44},"end":{"line":37,"column":1}},"line":19},"3":{"name":"(anonymous_3)","decl":{"start":{"line":29,"column":27},"end":{"line":29,"column":28}},"loc":{"start":{"line":29,"column":40},"end":{"line":34,"column":5}},"line":29},"4":{"name":"(anonymous_4)","decl":{"start":{"line":41,"column":24},"end":{"line":41,"column":25}},"loc":{"start":{"line":41,"column":35},"end":{"line":41,"column":65}},"line":41},"5":{"name":"(anonymous_5)","decl":{"start":{"line":46,"column":30},"end":{"line":46,"column":31}},"loc":{"start":{"line":46,"column":41},"end":{"line":62,"column":1}},"line":46},"6":{"name":"(anonymous_6)","decl":{"start":{"line":49,"column":20},"end":{"line":49,"column":21}},"loc":{"start":{"line":49,"column":34},"end":{"line":60,"column":3}},"line":49},"7":{"name":"(anonymous_7)","decl":{"start":{"line":52,"column":18},"end":{"line":52,"column":19}},"loc":{"start":{"line":52,"column":41},"end":{"line":58,"column":5}},"line":52}},"branchMap":{"0":{"loc":{"start":{"line":11,"column":2},"end":{"line":13,"column":3}},"type":"if","locations":[{"start":{"line":11,"column":2},"end":{"line":13,"column":3}},{"start":{"line":11,"column":2},"end":{"line":13,"column":3}}],"line":11},"1":{"loc":{"start":{"line":11,"column":6},"end":{"line":11,"column":74}},"type":"binary-expr","locations":[{"start":{"line":11,"column":6},"end":{"line":11,"column":35}},{"start":{"line":11,"column":39},"end":{"line":11,"column":74}}],"line":11},"2":{"loc":{"start":{"line":22,"column":2},"end":{"line":35,"column":3}},"type":"if","locations":[{"start":{"line":22,"column":2},"end":{"line":35,"column":3}},{"start":{"line":22,"column":2},"end":{"line":35,"column":3}}],"line":22},"3":{"loc":{"start":{"line":23,"column":4},"end":{"line":25,"column":5}},"type":"if","locations":[{"start":{"line":23,"column":4},"end":{"line":25,"column":5}},{"start":{"line":23,"column":4},"end":{"line":25,"column":5}}],"line":23}},"s":{"0":1,"1":1,"2":1,"3":1,"4":68,"5":1,"6":50,"7":31,"8":19,"9":1,"10":66,"11":66,"12":66,"13":48,"14":30,"15":18,"16":18,"17":54,"18":54,"19":54,"20":66,"21":1,"22":29,"23":1,"24":11,"25":11,"26":11,"27":28,"28":28,"29":28,"30":22,"31":28,"32":11},"f":{"0":68,"1":50,"2":66,"3":54,"4":29,"5":11,"6":28,"7":22},"b":{"0":[31,19],"1":[50,19],"2":[48,18],"3":[30,18]},"_coverageSchema":"43e27e138ebf9cfc5966b082cf9a028302ed4184","hash":"a10ceb31e678c112b6d0366ce08964ef491210f4"}
,"C:\\Users\\usuario-libre\\Desktop\\ProyectoLinks\\LIM010-fe-md-links\\src\\functionCli.js": {"path":"C:\\Users\\usuario-libre\\Desktop\\ProyectoLinks\\LIM010-fe-md-links\\src\\functionCli.js","statementMap":{"0":{"start":{"line":4,"column":27},"end":{"line":32,"column":1}},"1":{"start":{"line":5,"column":15},"end":{"line":5,"column":17}},"2":{"start":{"line":6,"column":2},"end":{"line":8,"column":3}},"3":{"start":{"line":7,"column":4},"end":{"line":7,"column":110}},"4":{"start":{"line":7,"column":38},"end":{"line":7,"column":108}},"5":{"start":{"line":9,"column":2},"end":{"line":11,"column":3}},"6":{"start":{"line":10,"column":4},"end":{"line":10,"column":63}},"7":{"start":{"line":10,"column":44},"end":{"line":10,"column":61}},"8":{"start":{"line":12,"column":2},"end":{"line":22,"column":3}},"9":{"start":{"line":13,"column":4},"end":{"line":21,"column":5}},"10":{"start":{"line":14,"column":6},"end":{"line":15,"column":35}},"11":{"start":{"line":15,"column":23},"end":{"line":15,"column":33}},"12":{"start":{"line":16,"column":11},"end":{"line":21,"column":5}},"13":{"start":{"line":17,"column":6},"end":{"line":18,"column":42}},"14":{"start":{"line":18,"column":23},"end":{"line":18,"column":40}},"15":{"start":{"line":20,"column":6},"end":{"line":20,"column":74}},"16":{"start":{"line":20,"column":40},"end":{"line":20,"column":72}},"17":{"start":{"line":23,"column":2},"end":{"line":30,"column":3}},"18":{"start":{"line":24,"column":4},"end":{"line":29,"column":5}},"19":{"start":{"line":25,"column":6},"end":{"line":26,"column":42}},"20":{"start":{"line":26,"column":23},"end":{"line":26,"column":40}},"21":{"start":{"line":28,"column":6},"end":{"line":28,"column":76}},"22":{"start":{"line":28,"column":40},"end":{"line":28,"column":74}},"23":{"start":{"line":31,"column":2},"end":{"line":31,"column":16}}},"fnMap":{"0":{"name":"(anonymous_0)","decl":{"start":{"line":4,"column":27},"end":{"line":4,"column":28}},"loc":{"start":{"line":4,"column":39},"end":{"line":32,"column":1}},"line":4},"1":{"name":"(anonymous_1)","decl":{"start":{"line":7,"column":25},"end":{"line":7,"column":26}},"loc":{"start":{"line":7,"column":38},"end":{"line":7,"column":108}},"line":7},"2":{"name":"(anonymous_2)","decl":{"start":{"line":10,"column":35},"end":{"line":10,"column":36}},"loc":{"start":{"line":10,"column":44},"end":{"line":10,"column":61}},"line":10},"3":{"name":"(anonymous_3)","decl":{"start":{"line":15,"column":14},"end":{"line":15,"column":15}},"loc":{"start":{"line":15,"column":23},"end":{"line":15,"column":33}},"line":15},"4":{"name":"(anonymous_4)","decl":{"start":{"line":18,"column":14},"end":{"line":18,"column":15}},"loc":{"start":{"line":18,"column":23},"end":{"line":18,"column":40}},"line":18},"5":{"name":"(anonymous_5)","decl":{"start":{"line":20,"column":27},"end":{"line":20,"column":28}},"loc":{"start":{"line":20,"column":40},"end":{"line":20,"column":72}},"line":20},"6":{"name":"(anonymous_6)","decl":{"start":{"line":26,"column":14},"end":{"line":26,"column":15}},"loc":{"start":{"line":26,"column":23},"end":{"line":26,"column":40}},"line":26},"7":{"name":"(anonymous_7)","decl":{"start":{"line":28,"column":27},"end":{"line":28,"column":28}},"loc":{"start":{"line":28,"column":40},"end":{"line":28,"column":74}},"line":28}},"branchMap":{"0":{"loc":{"start":{"line":6,"column":2},"end":{"line":8,"column":3}},"type":"if","locations":[{"start":{"line":6,"column":2},"end":{"line":8,"column":3}},{"start":{"line":6,"column":2},"end":{"line":8,"column":3}}],"line":6},"1":{"loc":{"start":{"line":9,"column":2},"end":{"line":11,"column":3}},"type":"if","locations":[{"start":{"line":9,"column":2},"end":{"line":11,"column":3}},{"start":{"line":9,"column":2},"end":{"line":11,"column":3}}],"line":9},"2":{"loc":{"start":{"line":12,"column":2},"end":{"line":22,"column":3}},"type":"if","locations":[{"start":{"line":12,"column":2},"end":{"line":22,"column":3}},{"start":{"line":12,"column":2},"end":{"line":22,"column":3}}],"line":12},"3":{"loc":{"start":{"line":13,"column":4},"end":{"line":21,"column":5}},"type":"if","locations":[{"start":{"line":13,"column":4},"end":{"line":21,"column":5}},{"start":{"line":13,"column":4},"end":{"line":21,"column":5}}],"line":13},"4":{"loc":{"start":{"line":13,"column":8},"end":{"line":13,"column":54}},"type":"binary-expr","locations":[{"start":{"line":13,"column":8},"end":{"line":13,"column":31}},{"start":{"line":13,"column":35},"end":{"line":13,"column":54}}],"line":13},"5":{"loc":{"start":{"line":16,"column":11},"end":{"line":21,"column":5}},"type":"if","locations":[{"start":{"line":16,"column":11},"end":{"line":21,"column":5}},{"start":{"line":16,"column":11},"end":{"line":21,"column":5}}],"line":16},"6":{"loc":{"start":{"line":16,"column":15},"end":{"line":16,"column":64}},"type":"binary-expr","locations":[{"start":{"line":16,"column":15},"end":{"line":16,"column":41}},{"start":{"line":16,"column":45},"end":{"line":16,"column":64}}],"line":16},"7":{"loc":{"start":{"line":23,"column":2},"end":{"line":30,"column":3}},"type":"if","locations":[{"start":{"line":23,"column":2},"end":{"line":30,"column":3}},{"start":{"line":23,"column":2},"end":{"line":30,"column":3}}],"line":23},"8":{"loc":{"start":{"line":24,"column":4},"end":{"line":29,"column":5}},"type":"if","locations":[{"start":{"line":24,"column":4},"end":{"line":29,"column":5}},{"start":{"line":24,"column":4},"end":{"line":29,"column":5}}],"line":24},"9":{"loc":{"start":{"line":24,"column":8},"end":{"line":24,"column":122}},"type":"binary-expr","locations":[{"start":{"line":24,"column":9},"end":{"line":24,"column":35}},{"start":{"line":24,"column":39},"end":{"line":24,"column":62}},{"start":{"line":24,"column":68},"end":{"line":24,"column":91}},{"start":{"line":24,"column":95},"end":{"line":24,"column":121}}],"line":24}},"s":{"0":1,"1":11,"2":11,"3":1,"4":1,"5":11,"6":2,"7":1,"8":9,"9":5,"10":2,"11":2,"12":3,"13":2,"14":2,"15":1,"16":1,"17":9,"18":3,"19":2,"20":2,"21":1,"22":1,"23":9},"f":{"0":11,"1":1,"2":1,"3":2,"4":2,"5":1,"6":2,"7":1},"b":{"0":[1,10],"1":[2,9],"2":[5,4],"3":[2,3],"4":[5,4],"5":[2,1],"6":[3,2],"7":[3,6],"8":[2,1],"9":[3,1,2,1]},"_coverageSchema":"43e27e138ebf9cfc5966b082cf9a028302ed4184","hash":"71c6a193e60e73b9ce75a0bcbb5384bcac4e3b1c"}
,"C:\\Users\\usuario-libre\\Desktop\\ProyectoLinks\\LIM010-fe-md-links\\src\\mdLinks.js": {"path":"C:\\Users\\usuario-libre\\Desktop\\ProyectoLinks\\LIM010-fe-md-links\\src\\mdLinks.js","statementMap":{"0":{"start":{"line":7,"column":23},"end":{"line":21,"column":2}},"1":{"start":{"line":7,"column":43},"end":{"line":21,"column":2}},"2":{"start":{"line":8,"column":2},"end":{"line":20,"column":3}},"3":{"start":{"line":10,"column":21},"end":{"line":10,"column":42}},"4":{"start":{"line":11,"column":4},"end":{"line":17,"column":5}},"5":{"start":{"line":13,"column":6},"end":{"line":13,"column":38}},"6":{"start":{"line":16,"column":6},"end":{"line":16,"column":40}},"7":{"start":{"line":19,"column":4},"end":{"line":19,"column":43}}},"fnMap":{"0":{"name":"(anonymous_0)","decl":{"start":{"line":7,"column":23},"end":{"line":7,"column":24}},"loc":{"start":{"line":7,"column":43},"end":{"line":21,"column":2}},"line":7},"1":{"name":"(anonymous_1)","decl":{"start":{"line":7,"column":55},"end":{"line":7,"column":56}},"loc":{"start":{"line":7,"column":76},"end":{"line":21,"column":1}},"line":7}},"branchMap":{"0":{"loc":{"start":{"line":8,"column":2},"end":{"line":20,"column":3}},"type":"if","locations":[{"start":{"line":8,"column":2},"end":{"line":20,"column":3}},{"start":{"line":8,"column":2},"end":{"line":20,"column":3}}],"line":8},"1":{"loc":{"start":{"line":11,"column":4},"end":{"line":17,"column":5}},"type":"if","locations":[{"start":{"line":11,"column":4},"end":{"line":17,"column":5}},{"start":{"line":11,"column":4},"end":{"line":17,"column":5}}],"line":11},"2":{"loc":{"start":{"line":11,"column":8},"end":{"line":11,"column":44}},"type":"binary-expr","locations":[{"start":{"line":11,"column":8},"end":{"line":11,"column":15}},{"start":{"line":11,"column":19},"end":{"line":11,"column":44}}],"line":11}},"s":{"0":1,"1":11,"2":11,"3":9,"4":9,"5":7,"6":2,"7":2},"f":{"0":11,"1":11},"b":{"0":[9,2],"1":[7,2],"2":[9,8]},"_coverageSchema":"43e27e138ebf9cfc5966b082cf9a028302ed4184","hash":"a61363cbed06ccfcb09c7b94b817b3df01c734ff"}
,"C:\\Users\\usuario-libre\\Desktop\\ProyectoLinks\\LIM010-fe-md-links\\src\\path.js": {"path":"C:\\Users\\usuario-libre\\Desktop\\ProyectoLinks\\LIM010-fe-md-links\\src\\path.js","statementMap":{"0":{"start":{"line":1,"column":13},"end":{"line":1,"column":28}},"1":{"start":{"line":2,"column":20},"end":{"line":2,"column":44}},"2":{"start":{"line":3,"column":11},"end":{"line":3,"column":24}},"3":{"start":{"line":5,"column":25},"end":{"line":10,"column":1}},"4":{"start":{"line":6,"column":2},"end":{"line":8,"column":3}},"5":{"start":{"line":7,"column":4},"end":{"line":7,"column":16}},"6":{"start":{"line":9,"column":2},"end":{"line":9,"column":15}},"7":{"start":{"line":12,"column":28},"end":{"line":17,"column":1}},"8":{"start":{"line":13,"column":2},"end":{"line":15,"column":3}},"9":{"start":{"line":14,"column":4},"end":{"line":14,"column":16}},"10":{"start":{"line":16,"column":2},"end":{"line":16,"column":15}},"11":{"start":{"line":19,"column":30},"end":{"line":24,"column":1}},"12":{"start":{"line":20,"column":2},"end":{"line":22,"column":3}},"13":{"start":{"line":21,"column":4},"end":{"line":21,"column":31}},"14":{"start":{"line":23,"column":2},"end":{"line":23,"column":15}}},"fnMap":{"0":{"name":"(anonymous_0)","decl":{"start":{"line":5,"column":25},"end":{"line":5,"column":26}},"loc":{"start":{"line":5,"column":36},"end":{"line":10,"column":1}},"line":5},"1":{"name":"(anonymous_1)","decl":{"start":{"line":12,"column":28},"end":{"line":12,"column":29}},"loc":{"start":{"line":12,"column":39},"end":{"line":17,"column":1}},"line":12},"2":{"name":"(anonymous_2)","decl":{"start":{"line":19,"column":30},"end":{"line":19,"column":31}},"loc":{"start":{"line":19,"column":41},"end":{"line":24,"column":1}},"line":19}},"branchMap":{"0":{"loc":{"start":{"line":6,"column":2},"end":{"line":8,"column":3}},"type":"if","locations":[{"start":{"line":6,"column":2},"end":{"line":8,"column":3}},{"start":{"line":6,"column":2},"end":{"line":8,"column":3}}],"line":6},"1":{"loc":{"start":{"line":13,"column":2},"end":{"line":15,"column":3}},"type":"if","locations":[{"start":{"line":13,"column":2},"end":{"line":15,"column":3}},{"start":{"line":13,"column":2},"end":{"line":15,"column":3}}],"line":13},"2":{"loc":{"start":{"line":20,"column":2},"end":{"line":22,"column":3}},"type":"if","locations":[{"start":{"line":20,"column":2},"end":{"line":22,"column":3}},{"start":{"line":20,"column":2},"end":{"line":22,"column":3}}],"line":20}},"s":{"0":1,"1":1,"2":1,"3":1,"4":13,"5":10,"6":3,"7":1,"8":2,"9":1,"10":1,"11":1,"12":77,"13":10,"14":67},"f":{"0":13,"1":2,"2":77},"b":{"0":[10,3],"1":[1,1],"2":[10,67]},"_coverageSchema":"43e27e138ebf9cfc5966b082cf9a028302ed4184","hash":"466f1067f649328cfdea693aeade4e80056dad53"}
,"C:\\Users\\usuario-libre\\Desktop\\ProyectoLinks\\LIM010-fe-md-links\\src\\stats.js": {"path":"C:\\Users\\usuario-libre\\Desktop\\ProyectoLinks\\LIM010-fe-md-links\\src\\stats.js","statementMap":{"0":{"start":{"line":18,"column":21},"end":{"line":23,"column":1}},"1":{"start":{"line":19,"column":21},"end":{"line":19,"column":63}},"2":{"start":{"line":19,"column":50},"end":{"line":19,"column":62}},"3":{"start":{"line":20,"column":17},"end":{"line":20,"column":41}},"4":{"start":{"line":21,"column":22},"end":{"line":21,"column":77}},"5":{"start":{"line":22,"column":2},"end":{"line":22,"column":21}},"6":{"start":{"line":27,"column":28},"end":{"line":33,"column":1}},"7":{"start":{"line":28,"column":21},"end":{"line":28,"column":63}},"8":{"start":{"line":28,"column":50},"end":{"line":28,"column":62}},"9":{"start":{"line":29,"column":17},"end":{"line":29,"column":41}},"10":{"start":{"line":30,"column":17},"end":{"line":30,"column":79}},"11":{"start":{"line":30,"column":49},"end":{"line":30,"column":78}},"12":{"start":{"line":31,"column":30},"end":{"line":31,"column":111}},"13":{"start":{"line":32,"column":2},"end":{"line":32,"column":29}},"14":{"start":{"line":37,"column":28},"end":{"line":43,"column":1}},"15":{"start":{"line":38,"column":22},"end":{"line":38,"column":24}},"16":{"start":{"line":39,"column":2},"end":{"line":41,"column":5}},"17":{"start":{"line":40,"column":4},"end":{"line":40,"column":140}},"18":{"start":{"line":42,"column":2},"end":{"line":42,"column":23}}},"fnMap":{"0":{"name":"(anonymous_0)","decl":{"start":{"line":18,"column":21},"end":{"line":18,"column":22}},"loc":{"start":{"line":18,"column":38},"end":{"line":23,"column":1}},"line":18},"1":{"name":"(anonymous_1)","decl":{"start":{"line":19,"column":37},"end":{"line":19,"column":38}},"loc":{"start":{"line":19,"column":50},"end":{"line":19,"column":62}},"line":19},"2":{"name":"(anonymous_2)","decl":{"start":{"line":27,"column":28},"end":{"line":27,"column":29}},"loc":{"start":{"line":27,"column":45},"end":{"line":33,"column":1}},"line":27},"3":{"name":"(anonymous_3)","decl":{"start":{"line":28,"column":37},"end":{"line":28,"column":38}},"loc":{"start":{"line":28,"column":50},"end":{"line":28,"column":62}},"line":28},"4":{"name":"(anonymous_4)","decl":{"start":{"line":30,"column":36},"end":{"line":30,"column":37}},"loc":{"start":{"line":30,"column":49},"end":{"line":30,"column":78}},"line":30},"5":{"name":"(anonymous_5)","decl":{"start":{"line":37,"column":28},"end":{"line":37,"column":29}},"loc":{"start":{"line":37,"column":45},"end":{"line":43,"column":1}},"line":37},"6":{"name":"(anonymous_6)","decl":{"start":{"line":39,"column":22},"end":{"line":39,"column":23}},"loc":{"start":{"line":39,"column":35},"end":{"line":41,"column":3}},"line":39}},"branchMap":{"0":{"loc":{"start":{"line":40,"column":56},"end":{"line":40,"column":119}},"type":"cond-expr","locations":[{"start":{"line":40,"column":73},"end":{"line":40,"column":114}},{"start":{"line":40,"column":117},"end":{"line":40,"column":119}}],"line":40}},"s":{"0":1,"1":3,"2":6,"3":3,"4":3,"5":3,"6":1,"7":3,"8":6,"9":3,"10":3,"11":6,"12":3,"13":3,"14":1,"15":5,"16":5,"17":10,"18":5},"f":{"0":3,"1":6,"2":3,"3":6,"4":6,"5":5,"6":10},"b":{"0":[6,4]},"_coverageSchema":"43e27e138ebf9cfc5966b082cf9a028302ed4184","hash":"eff5b6c6f1ddfc5ea27d5a34be7d03be1dc05256"}
,"C:\\Users\\usuario-libre\\Desktop\\ProyectoLinks\\LIM010-fe-md-links\\src\\validate.js": {"path":"C:\\Users\\usuario-libre\\Desktop\\ProyectoLinks\\LIM010-fe-md-links\\src\\validate.js","statementMap":{"0":{"start":{"line":3,"column":14},"end":{"line":3,"column":35}},"1":{"start":{"line":7,"column":28},"end":{"line":33,"column":1}},"2":{"start":{"line":8,"column":25},"end":{"line":8,"column":46}},"3":{"start":{"line":9,"column":24},"end":{"line":28,"column":5}},"4":{"start":{"line":9,"column":55},"end":{"line":28,"column":4}},"5":{"start":{"line":10,"column":4},"end":{"line":21,"column":7}},"6":{"start":{"line":11,"column":24},"end":{"line":11,"column":37}},"7":{"start":{"line":12,"column":6},"end":{"line":20,"column":7}},"8":{"start":{"line":13,"column":8},"end":{"line":13,"column":38}},"9":{"start":{"line":14,"column":8},"end":{"line":14,"column":46}},"10":{"start":{"line":15,"column":8},"end":{"line":15,"column":27}},"11":{"start":{"line":17,"column":8},"end":{"line":17,"column":38}},"12":{"start":{"line":18,"column":8},"end":{"line":18,"column":38}},"13":{"start":{"line":19,"column":8},"end":{"line":19,"column":27}},"14":{"start":{"line":32,"column":2},"end":{"line":32,"column":36}}},"fnMap":{"0":{"name":"(anonymous_0)","decl":{"start":{"line":7,"column":28},"end":{"line":7,"column":29}},"loc":{"start":{"line":7,"column":39},"end":{"line":33,"column":1}},"line":7},"1":{"name":"(anonymous_1)","decl":{"start":{"line":9,"column":43},"end":{"line":9,"column":44}},"loc":{"start":{"line":9,"column":55},"end":{"line":28,"column":4}},"line":9},"2":{"name":"(anonymous_2)","decl":{"start":{"line":9,"column":67},"end":{"line":9,"column":68}},"loc":{"start":{"line":9,"column":80},"end":{"line":28,"column":3}},"line":9},"3":{"name":"(anonymous_3)","decl":{"start":{"line":10,"column":28},"end":{"line":10,"column":29}},"loc":{"start":{"line":10,"column":37},"end":{"line":21,"column":5}},"line":10}},"branchMap":{"0":{"loc":{"start":{"line":12,"column":6},"end":{"line":20,"column":7}},"type":"if","locations":[{"start":{"line":12,"column":6},"end":{"line":20,"column":7}},{"start":{"line":12,"column":6},"end":{"line":20,"column":7}}],"line":12},"1":{"loc":{"start":{"line":12,"column":10},"end":{"line":12,"column":47}},"type":"binary-expr","locations":[{"start":{"line":12,"column":10},"end":{"line":12,"column":27}},{"start":{"line":12,"column":31},"end":{"line":12,"column":47}}],"line":12}},"s":{"0":1,"1":1,"2":8,"3":8,"4":16,"5":16,"6":16,"7":16,"8":8,"9":8,"10":8,"11":8,"12":8,"13":8,"14":8},"f":{"0":8,"1":16,"2":16,"3":16},"b":{"0":[8,8],"1":[16,16]},"_coverageSchema":"43e27e138ebf9cfc5966b082cf9a028302ed4184","hash":"a3cc471bb23e0a7b03658d076358c8cdb7d9df3d"}
}
