TN:
SF:C:\Users\usuario-libre\Desktop\ProyectoLinks\LIM010-fe-md-links\src\file.js
FN:7,(anonymous_0)
FN:9,(anonymous_1)
FN:19,(anonymous_2)
FN:28,(anonymous_3)
FN:37,(anonymous_4)
FN:40,(anonymous_5)
FN:43,(anonymous_6)
FN:46,(anonymous_7)
FNF:8
FNH:8
FNDA:19,(anonymous_0)
FNDA:15,(anonymous_1)
FNDA:17,(anonymous_2)
FNDA:12,(anonymous_3)
FNDA:8,(anonymous_4)
FNDA:4,(anonymous_5)
FNDA:7,(anonymous_6)
FNDA:8,(anonymous_7)
DA:3,1
DA:4,1
DA:5,1
DA:7,19
DA:9,1
DA:10,15
DA:11,10
DA:13,5
DA:19,1
DA:20,17
DA:21,17
DA:22,17
DA:23,13
DA:24,9
DA:27,4
DA:28,4
DA:29,12
DA:30,12
DA:33,17
DA:37,8
DA:40,1
DA:41,4
DA:42,4
DA:43,4
DA:44,7
DA:45,7
DA:46,7
DA:47,8
DA:53,7
DA:55,4
LF:30
LH:30
BRDA:10,0,0,10
BRDA:10,0,1,5
BRDA:10,1,0,15
BRDA:10,1,1,5
BRDA:22,2,0,13
BRDA:22,2,1,4
BRDA:23,3,0,9
BRDA:23,3,1,4
BRF:8
BRH:8
end_of_record
TN:
SF:C:\Users\usuario-libre\Desktop\ProyectoLinks\LIM010-fe-md-links\src\mdLinks.js
FN:7,(anonymous_0)
FN:7,(anonymous_1)
FNF:2
FNH:2
FNDA:2,(anonymous_0)
FNDA:2,(anonymous_1)
DA:7,2
DA:9,2
DA:10,2
DA:12,1
DA:15,1
LF:5
LH:5
BRDA:10,0,0,1
BRDA:10,0,1,1
BRDA:10,1,0,2
BRDA:10,1,1,2
BRF:4
BRH:4
end_of_record
TN:
SF:C:\Users\usuario-libre\Desktop\ProyectoLinks\LIM010-fe-md-links\src\path.js
FN:5,(anonymous_0)
FN:12,(anonymous_1)
FN:19,(anonymous_2)
FNF:3
FNH:3
FNDA:2,(anonymous_0)
FNDA:2,(anonymous_1)
FNDA:21,(anonymous_2)
DA:1,1
DA:2,1
DA:3,1
DA:5,1
DA:6,2
DA:7,1
DA:9,1
DA:12,1
DA:13,2
DA:14,1
DA:16,1
DA:19,1
DA:20,21
DA:21,3
DA:23,18
LF:15
LH:15
BRDA:6,0,0,1
BRDA:6,0,1,1
BRDA:13,1,0,1
BRDA:13,1,1,1
BRDA:20,2,0,3
BRDA:20,2,1,18
BRF:6
BRH:6
end_of_record
TN:
SF:C:\Users\usuario-libre\Desktop\ProyectoLinks\LIM010-fe-md-links\src\stats.js
FN:18,(anonymous_0)
FN:19,(anonymous_1)
FN:25,(anonymous_2)
FN:26,(anonymous_3)
FN:28,(anonymous_4)
FN:33,(anonymous_5)
FN:34,(anonymous_6)
FNF:7
FNH:7
FNDA:1,(anonymous_0)
FNDA:2,(anonymous_1)
FNDA:1,(anonymous_2)
FNDA:2,(anonymous_3)
FNDA:2,(anonymous_4)
FNDA:1,(anonymous_5)
FNDA:2,(anonymous_6)
DA:18,1
DA:19,2
DA:20,1
DA:21,1
DA:22,1
DA:25,1
DA:26,2
DA:27,1
DA:28,2
DA:29,1
DA:30,1
DA:33,1
DA:34,2
DA:35,1
LF:14
LH:14
BRF:0
BRH:0
end_of_record
TN:
SF:C:\Users\usuario-libre\Desktop\ProyectoLinks\LIM010-fe-md-links\src\validate.js
FN:6,(anonymous_0)
FN:8,(anonymous_1)
FN:8,(anonymous_2)
FN:9,(anonymous_3)
FNF:4
FNH:4
FNDA:2,(anonymous_0)
FNDA:4,(anonymous_1)
FNDA:4,(anonymous_2)
FNDA:4,(anonymous_3)
DA:3,1
DA:6,1
DA:7,2
DA:8,4
DA:9,4
DA:10,4
DA:11,4
DA:12,2
DA:13,2
DA:14,2
DA:16,2
DA:17,2
DA:18,2
DA:25,2
LF:14
LH:14
BRDA:11,0,0,2
BRDA:11,0,1,2
BRDA:11,1,0,4
BRDA:11,1,1,4
BRF:4
BRH:4
end_of_record
