TN:
SF:C:\Users\usuario-libre\Desktop\ProyectoLinks\LIM010-fe-md-links\src\file.js
FN:7,(anonymous_0)
FN:9,(anonymous_1)
FN:19,(anonymous_2)
FN:28,(anonymous_3)
FN:37,(anonymous_4)
FN:40,(anonymous_5)
FN:43,(anonymous_6)
FN:46,(anonymous_7)
FNF:8
FNH:8
FNDA:68,(anonymous_0)
FNDA:50,(anonymous_1)
FNDA:66,(anonymous_2)
FNDA:54,(anonymous_3)
FNDA:29,(anonymous_4)
FNDA:11,(anonymous_5)
FNDA:28,(anonymous_6)
FNDA:22,(anonymous_7)
DA:3,1
DA:4,1
DA:5,1
DA:7,68
DA:9,1
DA:10,50
DA:11,31
DA:13,19
DA:19,1
DA:20,66
DA:21,66
DA:22,66
DA:23,48
DA:24,30
DA:27,18
DA:28,18
DA:29,54
DA:30,54
DA:33,66
DA:37,29
DA:40,1
DA:41,11
DA:42,11
DA:43,11
DA:44,28
DA:45,28
DA:46,28
DA:47,22
DA:53,28
DA:55,11
LF:30
LH:30
BRDA:10,0,0,31
BRDA:10,0,1,19
BRDA:10,1,0,50
BRDA:10,1,1,19
BRDA:22,2,0,48
BRDA:22,2,1,18
BRDA:23,3,0,30
BRDA:23,3,1,18
BRF:8
BRH:8
end_of_record
TN:
SF:C:\Users\usuario-libre\Desktop\ProyectoLinks\LIM010-fe-md-links\src\functionCli.js
FN:4,(anonymous_0)
FN:7,(anonymous_1)
FN:10,(anonymous_2)
FN:15,(anonymous_3)
FN:18,(anonymous_4)
FN:20,(anonymous_5)
FN:26,(anonymous_6)
FN:28,(anonymous_7)
FNF:8
FNH:8
FNDA:11,(anonymous_0)
FNDA:1,(anonymous_1)
FNDA:1,(anonymous_2)
FNDA:2,(anonymous_3)
FNDA:2,(anonymous_4)
FNDA:1,(anonymous_5)
FNDA:2,(anonymous_6)
FNDA:1,(anonymous_7)
DA:4,1
DA:5,11
DA:6,11
DA:7,1
DA:9,11
DA:10,2
DA:12,9
DA:13,5
DA:14,2
DA:15,2
DA:16,3
DA:17,2
DA:18,2
DA:20,1
DA:23,9
DA:24,3
DA:25,2
DA:26,2
DA:28,1
DA:31,9
LF:20
LH:20
BRDA:6,0,0,1
BRDA:6,0,1,10
BRDA:9,1,0,2
BRDA:9,1,1,9
BRDA:12,2,0,5
BRDA:12,2,1,4
BRDA:13,3,0,2
BRDA:13,3,1,3
BRDA:13,4,0,5
BRDA:13,4,1,4
BRDA:16,5,0,2
BRDA:16,5,1,1
BRDA:16,6,0,3
BRDA:16,6,1,2
BRDA:23,7,0,3
BRDA:23,7,1,6
BRDA:24,8,0,2
BRDA:24,8,1,1
BRDA:24,9,0,3
BRDA:24,9,1,1
BRDA:24,9,2,2
BRDA:24,9,3,1
BRF:22
BRH:22
end_of_record
TN:
SF:C:\Users\usuario-libre\Desktop\ProyectoLinks\LIM010-fe-md-links\src\mdLinks.js
FN:7,(anonymous_0)
FN:7,(anonymous_1)
FNF:2
FNH:2
FNDA:11,(anonymous_0)
FNDA:11,(anonymous_1)
DA:7,11
DA:8,11
DA:10,9
DA:11,9
DA:13,7
DA:16,2
DA:19,2
LF:7
LH:7
BRDA:8,0,0,9
BRDA:8,0,1,2
BRDA:11,1,0,7
BRDA:11,1,1,2
BRDA:11,2,0,9
BRDA:11,2,1,8
BRF:6
BRH:6
end_of_record
TN:
SF:C:\Users\usuario-libre\Desktop\ProyectoLinks\LIM010-fe-md-links\src\path.js
FN:5,(anonymous_0)
FN:12,(anonymous_1)
FN:19,(anonymous_2)
FNF:3
FNH:3
FNDA:13,(anonymous_0)
FNDA:2,(anonymous_1)
FNDA:77,(anonymous_2)
DA:1,1
DA:2,1
DA:3,1
DA:5,1
DA:6,13
DA:7,10
DA:9,3
DA:12,1
DA:13,2
DA:14,1
DA:16,1
DA:19,1
DA:20,77
DA:21,10
DA:23,67
LF:15
LH:15
BRDA:6,0,0,10
BRDA:6,0,1,3
BRDA:13,1,0,1
BRDA:13,1,1,1
BRDA:20,2,0,10
BRDA:20,2,1,67
BRF:6
BRH:6
end_of_record
TN:
SF:C:\Users\usuario-libre\Desktop\ProyectoLinks\LIM010-fe-md-links\src\stats.js
FN:18,(anonymous_0)
FN:19,(anonymous_1)
FN:25,(anonymous_2)
FN:26,(anonymous_3)
FN:28,(anonymous_4)
FN:35,(anonymous_5)
FN:37,(anonymous_6)
FNF:7
FNH:7
FNDA:3,(anonymous_0)
FNDA:6,(anonymous_1)
FNDA:3,(anonymous_2)
FNDA:6,(anonymous_3)
FNDA:6,(anonymous_4)
FNDA:5,(anonymous_5)
FNDA:10,(anonymous_6)
DA:18,1
DA:19,6
DA:20,3
DA:21,3
DA:22,3
DA:25,1
DA:26,6
DA:27,3
DA:28,6
DA:29,3
DA:30,3
DA:35,1
DA:36,5
DA:37,5
DA:38,10
DA:40,5
LF:16
LH:16
BRDA:38,0,0,6
BRDA:38,0,1,4
BRF:2
BRH:2
end_of_record
TN:
SF:C:\Users\usuario-libre\Desktop\ProyectoLinks\LIM010-fe-md-links\src\validate.js
FN:6,(anonymous_0)
FN:8,(anonymous_1)
FN:8,(anonymous_2)
FN:9,(anonymous_3)
FNF:4
FNH:4
FNDA:8,(anonymous_0)
FNDA:16,(anonymous_1)
FNDA:16,(anonymous_2)
FNDA:16,(anonymous_3)
DA:3,1
DA:6,1
DA:7,8
DA:8,16
DA:9,16
DA:10,16
DA:11,16
DA:12,8
DA:13,8
DA:14,8
DA:16,8
DA:17,8
DA:18,8
DA:31,8
LF:14
LH:14
BRDA:11,0,0,8
BRDA:11,0,1,8
BRDA:11,1,0,16
BRDA:11,1,1,16
BRF:4
BRH:4
end_of_record
